<?xml version="1.0" encoding="UTF-8"?>
<testsuite xmlns:xsi="http://www.w3.org/2001/XMLSchema-instance" xsi:noNamespaceSchemaLocation="https://maven.apache.org/surefire/maven-surefire-plugin/xsd/surefire-test-report-3.0.xsd" version="3.0" name="TestSuite" time="11.222" tests="4" errors="0" skipped="0" failures="0">
  <properties>
    <property name="java.specification.version" value="21"/>
    <property name="sun.jnu.encoding" value="UTF-8"/>
    <property name="java.class.path" value="/home/user/Nikk/RestAssuredMvnTstNG/target/test-classes:/home/user/Nikk/RestAssuredMvnTstNG/target/classes:/home/user/.m2/repository/io/rest-assured/rest-assured-common/5.3.2/rest-assured-common-5.3.2.jar:/home/user/.m2/repository/org/apache/groovy/groovy/4.0.11/groovy-4.0.11.jar:/home/user/.m2/repository/org/apache/commons/commons-lang3/3.11/commons-lang3-3.11.jar:/home/user/.m2/repository/org/testng/testng/6.14.3/testng-6.14.3.jar:/home/user/.m2/repository/com/beust/jcommander/1.72/jcommander-1.72.jar:/home/user/.m2/repository/org/apache-extras/beanshell/bsh/2.0b6/bsh-2.0b6.jar:/home/user/.m2/repository/com/github/scribejava/scribejava-apis/8.3.1/scribejava-apis-8.3.1.jar:/home/user/.m2/repository/com/github/scribejava/scribejava-core/8.3.1/scribejava-core-8.3.1.jar:/home/user/.m2/repository/com/github/scribejava/scribejava-java8/8.3.1/scribejava-java8-8.3.1.jar:/home/user/.m2/repository/com/fasterxml/jackson/core/jackson-databind/2.12.3/jackson-databind-2.12.3.jar:/home/user/.m2/repository/com/fasterxml/jackson/core/jackson-annotations/2.12.3/jackson-annotations-2.12.3.jar:/home/user/.m2/repository/com/fasterxml/jackson/core/jackson-core/2.12.3/jackson-core-2.12.3.jar:/home/user/.m2/repository/com/github/java-json-tools/json-schema-validator/2.2.14/json-schema-validator-2.2.14.jar:/home/user/.m2/repository/com/google/guava/guava/28.2-android/guava-28.2-android.jar:/home/user/.m2/repository/com/google/guava/failureaccess/1.0.1/failureaccess-1.0.1.jar:/home/user/.m2/repository/com/google/guava/listenablefuture/9999.0-empty-to-avoid-conflict-with-guava/listenablefuture-9999.0-empty-to-avoid-conflict-with-guava.jar:/home/user/.m2/repository/org/checkerframework/checker-compat-qual/2.5.5/checker-compat-qual-2.5.5.jar:/home/user/.m2/repository/com/google/errorprone/error_prone_annotations/2.3.4/error_prone_annotations-2.3.4.jar:/home/user/.m2/repository/com/google/j2objc/j2objc-annotations/1.3/j2objc-annotations-1.3.jar:/home/user/.m2/repository/com/github/java-json-tools/jackson-coreutils-equivalence/1.0/jackson-coreutils-equivalence-1.0.jar:/home/user/.m2/repository/com/github/java-json-tools/jackson-coreutils/2.0/jackson-coreutils-2.0.jar:/home/user/.m2/repository/com/github/java-json-tools/msg-simple/1.2/msg-simple-1.2.jar:/home/user/.m2/repository/com/github/java-json-tools/btf/1.3/btf-1.3.jar:/home/user/.m2/repository/com/github/java-json-tools/json-schema-core/1.2.14/json-schema-core-1.2.14.jar:/home/user/.m2/repository/com/github/java-json-tools/uri-template/0.10/uri-template-0.10.jar:/home/user/.m2/repository/org/mozilla/rhino/1.7.7.2/rhino-1.7.7.2.jar:/home/user/.m2/repository/com/sun/mail/mailapi/1.6.2/mailapi-1.6.2.jar:/home/user/.m2/repository/joda-time/joda-time/2.10.5/joda-time-2.10.5.jar:/home/user/.m2/repository/com/googlecode/libphonenumber/libphonenumber/8.11.1/libphonenumber-8.11.1.jar:/home/user/.m2/repository/com/google/code/findbugs/jsr305/3.0.2/jsr305-3.0.2.jar:/home/user/.m2/repository/net/sf/jopt-simple/jopt-simple/5.0.4/jopt-simple-5.0.4.jar:/home/user/.m2/repository/com/aventstack/extentreports/5.1.1/extentreports-5.1.1.jar:/home/user/.m2/repository/io/reactivex/rxjava3/rxjava/3.1.6/rxjava-3.1.6.jar:/home/user/.m2/repository/org/reactivestreams/reactive-streams/1.0.4/reactive-streams-1.0.4.jar:/home/user/.m2/repository/org/freemarker/freemarker/2.3.32/freemarker-2.3.32.jar:/home/user/.m2/repository/org/projectlombok/lombok/1.18.26/lombok-1.18.26.jar:/home/user/.m2/repository/com/google/code/gson/gson/2.10.1/gson-2.10.1.jar:/home/user/.m2/repository/org/apache/poi/poi/5.3.0/poi-5.3.0.jar:/home/user/.m2/repository/commons-codec/commons-codec/1.17.0/commons-codec-1.17.0.jar:/home/user/.m2/repository/org/apache/commons/commons-collections4/4.4/commons-collections4-4.4.jar:/home/user/.m2/repository/org/apache/commons/commons-math3/3.6.1/commons-math3-3.6.1.jar:/home/user/.m2/repository/commons-io/commons-io/2.16.1/commons-io-2.16.1.jar:/home/user/.m2/repository/com/zaxxer/SparseBitSet/1.3/SparseBitSet-1.3.jar:/home/user/.m2/repository/org/apache/logging/log4j/log4j-api/2.23.1/log4j-api-2.23.1.jar:/home/user/.m2/repository/org/apache/poi/poi-ooxml/5.3.0/poi-ooxml-5.3.0.jar:/home/user/.m2/repository/org/apache/poi/poi-ooxml-lite/5.3.0/poi-ooxml-lite-5.3.0.jar:/home/user/.m2/repository/org/apache/xmlbeans/xmlbeans/5.2.1/xmlbeans-5.2.1.jar:/home/user/.m2/repository/org/apache/commons/commons-compress/1.26.2/commons-compress-1.26.2.jar:/home/user/.m2/repository/com/github/virtuald/curvesapi/1.08/curvesapi-1.08.jar:/home/user/.m2/repository/org/apache/logging/log4j/log4j-slf4j-impl/2.20.0/log4j-slf4j-impl-2.20.0.jar:/home/user/.m2/repository/org/slf4j/slf4j-api/1.7.25/slf4j-api-1.7.25.jar:/home/user/.m2/repository/org/apache/logging/log4j/log4j-core/2.20.0/log4j-core-2.20.0.jar:/home/user/.m2/repository/com/github/javafaker/javafaker/1.0.1/javafaker-1.0.1.jar:/home/user/.m2/repository/org/yaml/snakeyaml/1.23/snakeyaml-1.23-android.jar:/home/user/.m2/repository/com/github/mifmif/generex/1.0.2/generex-1.0.2.jar:/home/user/.m2/repository/dk/brics/automaton/automaton/1.11-8/automaton-1.11-8.jar:/home/user/.m2/repository/io/rest-assured/rest-assured/5.4.0/rest-assured-5.4.0.jar:/home/user/.m2/repository/org/apache/groovy/groovy-xml/4.0.16/groovy-xml-4.0.16.jar:/home/user/.m2/repository/org/apache/httpcomponents/httpclient/4.5.13/httpclient-4.5.13.jar:/home/user/.m2/repository/org/apache/httpcomponents/httpcore/4.4.13/httpcore-4.4.13.jar:/home/user/.m2/repository/commons-logging/commons-logging/1.2/commons-logging-1.2.jar:/home/user/.m2/repository/org/apache/httpcomponents/httpmime/4.5.13/httpmime-4.5.13.jar:/home/user/.m2/repository/org/hamcrest/hamcrest/2.2/hamcrest-2.2.jar:/home/user/.m2/repository/org/ccil/cowan/tagsoup/tagsoup/1.2.1/tagsoup-1.2.1.jar:/home/user/.m2/repository/io/rest-assured/json-path/5.4.0/json-path-5.4.0.jar:/home/user/.m2/repository/org/apache/groovy/groovy-json/4.0.16/groovy-json-4.0.16.jar:/home/user/.m2/repository/io/rest-assured/xml-path/5.4.0/xml-path-5.4.0.jar:"/>
    <property name="java.vm.vendor" value="Ubuntu"/>
    <property name="sun.arch.data.model" value="64"/>
    <property name="java.vendor.url" value="https://ubuntu.com/"/>
    <property name="user.timezone" value="Asia/Kolkata"/>
    <property name="os.name" value="Linux"/>
    <property name="java.vm.specification.version" value="21"/>
    <property name="sun.java.launcher" value="SUN_STANDARD"/>
    <property name="user.country" value="IN"/>
    <property name="sun.boot.library.path" value="/usr/lib/jvm/java-21-openjdk-amd64/lib"/>
    <property name="sun.java.command" value="/home/user/Nikk/RestAssuredMvnTstNG/target/surefire/surefirebooter-20250723144511991_3.jar /home/user/Nikk/RestAssuredMvnTstNG/target/surefire 2025-07-23T14-45-11_856-jvmRun1 surefire-20250723144511991_1tmp surefire_0-20250723144511991_2tmp"/>
    <property name="jdk.debug" value="release"/>
    <property name="surefire.test.class.path" value="/home/user/Nikk/RestAssuredMvnTstNG/target/test-classes:/home/user/Nikk/RestAssuredMvnTstNG/target/classes:/home/user/.m2/repository/io/rest-assured/rest-assured-common/5.3.2/rest-assured-common-5.3.2.jar:/home/user/.m2/repository/org/apache/groovy/groovy/4.0.11/groovy-4.0.11.jar:/home/user/.m2/repository/org/apache/commons/commons-lang3/3.11/commons-lang3-3.11.jar:/home/user/.m2/repository/org/testng/testng/6.14.3/testng-6.14.3.jar:/home/user/.m2/repository/com/beust/jcommander/1.72/jcommander-1.72.jar:/home/user/.m2/repository/org/apache-extras/beanshell/bsh/2.0b6/bsh-2.0b6.jar:/home/user/.m2/repository/com/github/scribejava/scribejava-apis/8.3.1/scribejava-apis-8.3.1.jar:/home/user/.m2/repository/com/github/scribejava/scribejava-core/8.3.1/scribejava-core-8.3.1.jar:/home/user/.m2/repository/com/github/scribejava/scribejava-java8/8.3.1/scribejava-java8-8.3.1.jar:/home/user/.m2/repository/com/fasterxml/jackson/core/jackson-databind/2.12.3/jackson-databind-2.12.3.jar:/home/user/.m2/repository/com/fasterxml/jackson/core/jackson-annotations/2.12.3/jackson-annotations-2.12.3.jar:/home/user/.m2/repository/com/fasterxml/jackson/core/jackson-core/2.12.3/jackson-core-2.12.3.jar:/home/user/.m2/repository/com/github/java-json-tools/json-schema-validator/2.2.14/json-schema-validator-2.2.14.jar:/home/user/.m2/repository/com/google/guava/guava/28.2-android/guava-28.2-android.jar:/home/user/.m2/repository/com/google/guava/failureaccess/1.0.1/failureaccess-1.0.1.jar:/home/user/.m2/repository/com/google/guava/listenablefuture/9999.0-empty-to-avoid-conflict-with-guava/listenablefuture-9999.0-empty-to-avoid-conflict-with-guava.jar:/home/user/.m2/repository/org/checkerframework/checker-compat-qual/2.5.5/checker-compat-qual-2.5.5.jar:/home/user/.m2/repository/com/google/errorprone/error_prone_annotations/2.3.4/error_prone_annotations-2.3.4.jar:/home/user/.m2/repository/com/google/j2objc/j2objc-annotations/1.3/j2objc-annotations-1.3.jar:/home/user/.m2/repository/com/github/java-json-tools/jackson-coreutils-equivalence/1.0/jackson-coreutils-equivalence-1.0.jar:/home/user/.m2/repository/com/github/java-json-tools/jackson-coreutils/2.0/jackson-coreutils-2.0.jar:/home/user/.m2/repository/com/github/java-json-tools/msg-simple/1.2/msg-simple-1.2.jar:/home/user/.m2/repository/com/github/java-json-tools/btf/1.3/btf-1.3.jar:/home/user/.m2/repository/com/github/java-json-tools/json-schema-core/1.2.14/json-schema-core-1.2.14.jar:/home/user/.m2/repository/com/github/java-json-tools/uri-template/0.10/uri-template-0.10.jar:/home/user/.m2/repository/org/mozilla/rhino/1.7.7.2/rhino-1.7.7.2.jar:/home/user/.m2/repository/com/sun/mail/mailapi/1.6.2/mailapi-1.6.2.jar:/home/user/.m2/repository/joda-time/joda-time/2.10.5/joda-time-2.10.5.jar:/home/user/.m2/repository/com/googlecode/libphonenumber/libphonenumber/8.11.1/libphonenumber-8.11.1.jar:/home/user/.m2/repository/com/google/code/findbugs/jsr305/3.0.2/jsr305-3.0.2.jar:/home/user/.m2/repository/net/sf/jopt-simple/jopt-simple/5.0.4/jopt-simple-5.0.4.jar:/home/user/.m2/repository/com/aventstack/extentreports/5.1.1/extentreports-5.1.1.jar:/home/user/.m2/repository/io/reactivex/rxjava3/rxjava/3.1.6/rxjava-3.1.6.jar:/home/user/.m2/repository/org/reactivestreams/reactive-streams/1.0.4/reactive-streams-1.0.4.jar:/home/user/.m2/repository/org/freemarker/freemarker/2.3.32/freemarker-2.3.32.jar:/home/user/.m2/repository/org/projectlombok/lombok/1.18.26/lombok-1.18.26.jar:/home/user/.m2/repository/com/google/code/gson/gson/2.10.1/gson-2.10.1.jar:/home/user/.m2/repository/org/apache/poi/poi/5.3.0/poi-5.3.0.jar:/home/user/.m2/repository/commons-codec/commons-codec/1.17.0/commons-codec-1.17.0.jar:/home/user/.m2/repository/org/apache/commons/commons-collections4/4.4/commons-collections4-4.4.jar:/home/user/.m2/repository/org/apache/commons/commons-math3/3.6.1/commons-math3-3.6.1.jar:/home/user/.m2/repository/commons-io/commons-io/2.16.1/commons-io-2.16.1.jar:/home/user/.m2/repository/com/zaxxer/SparseBitSet/1.3/SparseBitSet-1.3.jar:/home/user/.m2/repository/org/apache/logging/log4j/log4j-api/2.23.1/log4j-api-2.23.1.jar:/home/user/.m2/repository/org/apache/poi/poi-ooxml/5.3.0/poi-ooxml-5.3.0.jar:/home/user/.m2/repository/org/apache/poi/poi-ooxml-lite/5.3.0/poi-ooxml-lite-5.3.0.jar:/home/user/.m2/repository/org/apache/xmlbeans/xmlbeans/5.2.1/xmlbeans-5.2.1.jar:/home/user/.m2/repository/org/apache/commons/commons-compress/1.26.2/commons-compress-1.26.2.jar:/home/user/.m2/repository/com/github/virtuald/curvesapi/1.08/curvesapi-1.08.jar:/home/user/.m2/repository/org/apache/logging/log4j/log4j-slf4j-impl/2.20.0/log4j-slf4j-impl-2.20.0.jar:/home/user/.m2/repository/org/slf4j/slf4j-api/1.7.25/slf4j-api-1.7.25.jar:/home/user/.m2/repository/org/apache/logging/log4j/log4j-core/2.20.0/log4j-core-2.20.0.jar:/home/user/.m2/repository/com/github/javafaker/javafaker/1.0.1/javafaker-1.0.1.jar:/home/user/.m2/repository/org/yaml/snakeyaml/1.23/snakeyaml-1.23-android.jar:/home/user/.m2/repository/com/github/mifmif/generex/1.0.2/generex-1.0.2.jar:/home/user/.m2/repository/dk/brics/automaton/automaton/1.11-8/automaton-1.11-8.jar:/home/user/.m2/repository/io/rest-assured/rest-assured/5.4.0/rest-assured-5.4.0.jar:/home/user/.m2/repository/org/apache/groovy/groovy-xml/4.0.16/groovy-xml-4.0.16.jar:/home/user/.m2/repository/org/apache/httpcomponents/httpclient/4.5.13/httpclient-4.5.13.jar:/home/user/.m2/repository/org/apache/httpcomponents/httpcore/4.4.13/httpcore-4.4.13.jar:/home/user/.m2/repository/commons-logging/commons-logging/1.2/commons-logging-1.2.jar:/home/user/.m2/repository/org/apache/httpcomponents/httpmime/4.5.13/httpmime-4.5.13.jar:/home/user/.m2/repository/org/hamcrest/hamcrest/2.2/hamcrest-2.2.jar:/home/user/.m2/repository/org/ccil/cowan/tagsoup/tagsoup/1.2.1/tagsoup-1.2.1.jar:/home/user/.m2/repository/io/rest-assured/json-path/5.4.0/json-path-5.4.0.jar:/home/user/.m2/repository/org/apache/groovy/groovy-json/4.0.16/groovy-json-4.0.16.jar:/home/user/.m2/repository/io/rest-assured/xml-path/5.4.0/xml-path-5.4.0.jar:"/>
    <property name="sun.cpu.endian" value="little"/>
    <property name="user.home" value="/home/user"/>
    <property name="user.language" value="en"/>
    <property name="java.specification.vendor" value="Oracle Corporation"/>
    <property name="java.version.date" value="2025-04-15"/>
    <property name="java.home" value="/usr/lib/jvm/java-21-openjdk-amd64"/>
    <property name="file.separator" value="/"/>
    <property name="basedir" value="/home/user/Nikk/RestAssuredMvnTstNG"/>
    <property name="java.vm.compressedOopsMode" value="Zero based"/>
    <property name="line.separator" value="&#10;"/>
    <property name="java.specification.name" value="Java Platform API Specification"/>
    <property name="java.vm.specification.vendor" value="Oracle Corporation"/>
    <property name="surefire.real.class.path" value="/home/user/Nikk/RestAssuredMvnTstNG/target/surefire/surefirebooter-20250723144511991_3.jar"/>
    <property name="sun.management.compiler" value="HotSpot 64-Bit Tiered Compilers"/>
    <property name="java.runtime.version" value="21.0.7+6-Ubuntu-0ubuntu124.04"/>
    <property name="user.name" value="user"/>
    <property name="stdout.encoding" value="UTF-8"/>
    <property name="path.separator" value=":"/>
    <property name="os.version" value="6.8.0-63-generic"/>
    <property name="java.runtime.name" value="OpenJDK Runtime Environment"/>
    <property name="file.encoding" value="UTF-8"/>
    <property name="java.vm.name" value="OpenJDK 64-Bit Server VM"/>
    <property name="localRepository" value="/home/user/.m2/repository"/>
    <property name="java.vendor.url.bug" value="https://bugs.launchpad.net/ubuntu/+source/openjdk-21"/>
    <property name="java.io.tmpdir" value="/tmp"/>
    <property name="java.version" value="21.0.7"/>
    <property name="user.dir" value="/home/user/Nikk/RestAssuredMvnTstNG"/>
    <property name="os.arch" value="amd64"/>
    <property name="java.vm.specification.name" value="Java Virtual Machine Specification"/>
    <property name="native.encoding" value="UTF-8"/>
    <property name="java.library.path" value="/usr/java/packages/lib:/usr/lib/x86_64-linux-gnu/jni:/lib/x86_64-linux-gnu:/usr/lib/x86_64-linux-gnu:/usr/lib/jni:/lib:/usr/lib"/>
    <property name="java.vm.info" value="mixed mode, sharing"/>
    <property name="stderr.encoding" value="UTF-8"/>
    <property name="java.vendor" value="Ubuntu"/>
    <property name="java.vm.version" value="21.0.7+6-Ubuntu-0ubuntu124.04"/>
    <property name="sun.io.unicode.encoding" value="UnicodeLittle"/>
    <property name="java.class.version" value="65.0"/>
  </properties>
  <testcase name="testcreateuser" classname="ApiTestcases.UserTestCases" time="3.847">
    <system-out><![CDATA[[TestNGContentHandler] [WARN] It is strongly recommended to add "<!DOCTYPE suite SYSTEM "http://testng.org/testng-1.0.dtd" >" at the top of your file, otherwise TestNG may fail or not work as expected.
Username used: cory.corkery
HTTP/1.1 200 OK
Date: Wed, 23 Jul 2025 09:15:16 GMT
Content-Type: application/json
Transfer-Encoding: chunked
Connection: keep-alive
Access-Control-Allow-Origin: *
Access-Control-Allow-Methods: GET, POST, DELETE, PUT
Access-Control-Allow-Headers: Content-Type, api_key, Authorization
Server: Jetty(9.2.9.v20150224)

{
    "code": 200,
    "type": "unknown",
    "message": "1358343316"
}
Status code is correct
]]></system-out>
  </testcase>
  <testcase name="testcreateuser[100, &apos;nikk001, Nikk, Paul, nikk@yopmail.com, Nikk@12345, 12345678](1)" classname="ApiTestcases.TestDDT" time="1.51">
    <system-out><![CDATA[4
7
HTTP/1.1 200 OK
Date: Wed, 23 Jul 2025 09:15:20 GMT
Content-Type: application/json
Transfer-Encoding: chunked
Connection: keep-alive
Access-Control-Allow-Origin: *
Access-Control-Allow-Methods: GET, POST, DELETE, PUT
Access-Control-Allow-Headers: Content-Type, api_key, Authorization
Server: Jetty(9.2.9.v20150224)

{
    "code": 200,
    "type": "unknown",
    "message": "100"
}
Test case 1 success !!
]]></system-out>
  </testcase>
  <testcase name="testcreateuser[200, &apos;john002, John, Doe, John@yopmail.com, Nikk@12345, 876543210](2)" classname="ApiTestcases.TestDDT" time="1.5">
    <system-out><![CDATA[HTTP/1.1 200 OK
Date: Wed, 23 Jul 2025 09:15:21 GMT
Content-Type: application/json
Transfer-Encoding: chunked
Connection: keep-alive
Access-Control-Allow-Origin: *
Access-Control-Allow-Methods: GET, POST, DELETE, PUT
Access-Control-Allow-Headers: Content-Type, api_key, Authorization
Server: Jetty(9.2.9.v20150224)

{
    "code": 200,
    "type": "unknown",
    "message": "200"
}
Test case 1 success !!
]]></system-out>
  </testcase>
  <testcase name="testcreateuser[300, &apos;maxwell003, Maxwell, Lee, maxwell@yopmail.com, Nikk@12345, 987656566](3)" classname="ApiTestcases.TestDDT" time="1.682">
    <system-out><![CDATA[HTTP/1.1 200 OK
Date: Wed, 23 Jul 2025 09:15:23 GMT
Content-Type: application/json
Transfer-Encoding: chunked
Connection: keep-alive
Access-Control-Allow-Origin: *
Access-Control-Allow-Methods: GET, POST, DELETE, PUT
Access-Control-Allow-Headers: Content-Type, api_key, Authorization
Server: Jetty(9.2.9.v20150224)

{
    "code": 200,
    "type": "unknown",
    "message": "300"
}
Test case 1 success !!
]]></system-out>
  </testcase>
</testsuite>