<?xml version="1.0" encoding="UTF-8"?>
<!-- Generated by org.testng.reporters.JUnitReportReporter -->
<testsuite hostname="user-Latitude-3440" failures="0" tests="3" name="ApiTestcases.TestDDT" time="5.824" errors="0" timestamp="14 Jul 2025 02:56:49 GMT" skipped="0">
  <testcase classname="ApiTestcases.TestDDT" name="testcreateuser" time="1.857"/>
  <testcase classname="ApiTestcases.TestDDT" name="testcreateuser" time="2.038"/>
  <testcase classname="ApiTestcases.TestDDT" name="testcreateuser" time="1.929"/>
</testsuite> <!-- ApiTestcases.TestDDT -->
