<?xml version="1.0" encoding="UTF-8"?>
<!-- Generated by org.testng.reporters.JUnitReportReporter -->
<testsuite hostname="user-Latitude-3440" failures="0" tests="1" name="ApiTestcases.UserTestCases" time="7.905" errors="0" timestamp="07 Jul 2025 16:22:49 GMT" skipped="0">
  <testcase classname="ApiTestcases.UserTestCases" name="testcreateuser" time="7.905"/>
</testsuite> <!-- ApiTestcases.UserTestCases -->
