<?xml version="1.0" encoding="UTF-8"?>
<!-- Generated by org.testng.reporters.JUnitReportReporter -->
<testsuite hostname="user-Latitude-3440" failures="0" tests="3" name="ApiTestcases.TestDDT" time="5.144" errors="0" timestamp="07 Jul 2025 16:22:49 GMT" skipped="0">
  <testcase classname="ApiTestcases.TestDDT" name="testcreateuser" time="1.392"/>
  <testcase classname="ApiTestcases.TestDDT" name="testcreateuser" time="1.935"/>
  <testcase classname="ApiTestcases.TestDDT" name="testcreateuser" time="1.817"/>
</testsuite> <!-- ApiTestcases.TestDDT -->
