<?xml version="1.0" encoding="UTF-8"?>
<!-- Generated by org.testng.reporters.JUnitReportReporter -->
<testsuite hostname="user-Latitude-3440" failures="0" tests="3" name="ApiTestcases.TestDDT" time="4.690" errors="0" timestamp="23 Jul 2025 09:15:23 GMT" skipped="0">
  <testcase classname="ApiTestcases.TestDDT" name="testcreateuser" time="1.682"/>
  <testcase classname="ApiTestcases.TestDDT" name="testcreateuser" time="1.499"/>
  <testcase classname="ApiTestcases.TestDDT" name="testcreateuser" time="1.509"/>
</testsuite> <!-- ApiTestcases.TestDDT -->
