<?xml version="1.0" encoding="UTF-8"?>
<!-- Generated by org.testng.reporters.JUnitReportReporter -->
<testsuite hostname="user-Latitude-3440" failures="0" tests="1" name="ApiTestcases.UserTestCases" time="3.165" errors="0" timestamp="14 Jul 2025 04:14:36 GMT" skipped="0">
  <testcase classname="ApiTestcases.UserTestCases" name="testcreateuser" time="3.165"/>
</testsuite> <!-- ApiTestcases.UserTestCases -->
