<?xml version="1.0" encoding="UTF-8"?>
<!-- Generated by org.testng.reporters.JUnitReportReporter -->
<testsuite hostname="user-Latitude-3440" failures="0" tests="1" name="ApiTestcases.UserTestCases" time="3.847" errors="0" timestamp="23 Jul 2025 09:15:23 GMT" skipped="0">
  <testcase classname="ApiTestcases.UserTestCases" name="testcreateuser" time="3.847"/>
</testsuite> <!-- ApiTestcases.UserTestCases -->
