<?xml version="1.0" encoding="UTF-8"?>
<!-- Generated by org.testng.reporters.JUnitReportReporter -->
<testsuite hostname="user-Latitude-3440" failures="0" tests="3" name="ApiTestcases.TestDDT" time="6.542" errors="0" timestamp="14 Jul 2025 04:14:36 GMT" skipped="0">
  <testcase classname="ApiTestcases.TestDDT" name="testcreateuser" time="2.266"/>
  <testcase classname="ApiTestcases.TestDDT" name="testcreateuser" time="2.238"/>
  <testcase classname="ApiTestcases.TestDDT" name="testcreateuser" time="2.038"/>
</testsuite> <!-- ApiTestcases.TestDDT -->
